1631704669668	geckodriver	INFO	Listening on 127.0.0.1:64308
1631704673441	mozrunner::runner	INFO	Running command: "C:\\Program Files (x86)\\Mozilla Firefox\\firefox.exe" "--marionette" "-foreground" "-no-remote" "-profile" "C:\\Users\\NIKITI~2\\AppData\\Local\\Temp\\rust_mozprofileRC6dHU"
1631704683906	Marionette	INFO	Marionette enabled
console.warn: SearchSettings: "get: No settings file exists, new profile?" (new NotFoundError("Could not open the file at C:\\Users\\Nikitinskiy\\AppData\\Local\\Temp\\rust_mozprofileRC6dHU\\search.json.mozlz4", (void 0)))
console.error: Region.jsm: "Error fetching region" (new Error("TIMEOUT", "resource://gre/modules/Region.jsm", 772))
console.error: Region.jsm: "Failed to fetch region" (new Error("TIMEOUT", "resource://gre/modules/Region.jsm", 419))
1631704720556	Marionette	INFO	Listening on port 64316
1631704722076	RemoteAgent	WARN	TLS certificate errors will be ignored for this session
JavaScript warning: https://stepik.azureedge.net/static/frontend-build/vendor.js?v=1631544733, line 6074: unreachable code after return statement
JavaScript warning: https://mc.yandex.ru/metrika/tag.js, line 13: WEBGL_debug_renderer_info is deprecated in Firefox and will be removed. Please use RENDERER.
1631704762473	Marionette	WARN	TimedPromise timed out after 500 ms: stacktrace:
TimedPromise/<@chrome://remote/content/marionette/sync.js:238:19
TimedPromise@chrome://remote/content/marionette/sync.js:223:10
interaction.flushEventLoop@chrome://remote/content/marionette/interaction.js:431:10
webdriverClickElement@chrome://remote/content/marionette/interaction.js:179:31
1631704775152	Marionette	WARN	TimedPromise timed out after 500 ms: stacktrace:
TimedPromise/<@chrome://remote/content/marionette/sync.js:238:19
TimedPromise@chrome://remote/content/marionette/sync.js:223:10
interaction.flushEventLoop@chrome://remote/content/marionette/interaction.js:431:10
webdriverClickElement@chrome://remote/content/marionette/interaction.js:179:31
JavaScript warning: https://stepik.azureedge.net/static/frontend-build/vendor.js?v=1631544733, line 6074: unreachable code after return statement
1631704816982	Marionette	INFO	Stopped listening on port 64316
JavaScript error: resource:///modules/Interactions.jsm, line 230: NS_ERROR_FAILURE: Component returned failure code: 0x80004005 (NS_ERROR_FAILURE) [nsIUserIdleService.removeIdleObserver]

###!!! [Child][RunMessage] Error: Channel closing: too late to send/recv, messages will be lost


###!!! [Child][RunMessage] Error: Channel closing: too late to send/recv, messages will be lost


###!!! [Child][RunMessage] Error: Channel closing: too late to send/recv, messages will be lost


###!!! [Child][RunMessage] Error: Channel closing: too late to send/recv, messages will be lost

[Parent 6848, IPC I/O Parent] WARNING: file /builds/worker/checkouts/gecko/ipc/chromium/src/base/process_util_win.cc:167
1632920962163	geckodriver	INFO	Listening on 127.0.0.1:52860
1632920965233	mozrunner::runner	INFO	Running command: "C:\\Program Files (x86)\\Mozilla Firefox\\firefox.exe" "--marionette" "-foreground" "-no-remote" "-profile" "C:\\Users\\NIKITI~2\\AppData\\Local\\Temp\\rust_mozprofileqnNaRb"
1632920965821	Marionette	INFO	Marionette enabled
console.warn: SearchSettings: "get: No settings file exists, new profile?" (new NotFoundError("Could not open the file at C:\\Users\\Nikitinskiy\\AppData\\Local\\Temp\\rust_mozprofileqnNaRb\\search.json.mozlz4", (void 0)))
1632920970408	Marionette	INFO	Listening on port 58310
1632920970926	RemoteAgent	WARN	TLS certificate errors will be ignored for this session
1632920979868	Marionette	INFO	Stopped listening on port 58310
JavaScript error: resource:///modules/Interactions.jsm, line 230: NS_ERROR_FAILURE: Component returned failure code: 0x80004005 (NS_ERROR_FAILURE) [nsIUserIdleService.removeIdleObserver]
1632921045489	geckodriver	INFO	Listening on 127.0.0.1:50012
1632921048595	mozrunner::runner	INFO	Running command: "C:\\Program Files (x86)\\Mozilla Firefox\\firefox.exe" "--marionette" "-foreground" "-no-remote" "-profile" "C:\\Users\\NIKITI~2\\AppData\\Local\\Temp\\rust_mozprofilem2JRNC"
1632921049221	Marionette	INFO	Marionette enabled
console.warn: SearchSettings: "get: No settings file exists, new profile?" (new NotFoundError("Could not open the file at C:\\Users\\Nikitinskiy\\AppData\\Local\\Temp\\rust_mozprofilem2JRNC\\search.json.mozlz4", (void 0)))
1632921053600	Marionette	INFO	Listening on port 51220
1632921054014	RemoteAgent	WARN	TLS certificate errors will be ignored for this session
1632921063322	Marionette	INFO	Stopped listening on port 51220
JavaScript error: resource:///modules/Interactions.jsm, line 230: NS_ERROR_FAILURE: Component returned failure code: 0x80004005 (NS_ERROR_FAILURE) [nsIUserIdleService.removeIdleObserver]
